DEBUG - 2016-07-12 18:33:38 --> No URI present. Default controller set.
ERROR - 2016-07-12 18:33:38 --> Severity: error --> Exception: Unable to locate the model you have specified: Manage_model /Users/michael/Documents/workspace/mto_crm/system/core/Loader.php 344
ERROR - 2016-07-12 18:33:40 --> Severity: error --> Exception: Call to undefined method Home::getVars() /Users/michael/Documents/workspace/mto_crm/application/controllers/Home.php 31
ERROR - 2016-07-12 18:34:35 --> Severity: error --> Exception: Call to undefined method Home::getVars() /Users/michael/Documents/workspace/mto_crm/application/controllers/Home.php 31
ERROR - 2016-07-12 18:34:36 --> Severity: error --> Exception: Call to undefined method Home::getVars() /Users/michael/Documents/workspace/mto_crm/application/controllers/Home.php 31
DEBUG - 2016-07-12 18:34:37 --> No URI present. Default controller set.
ERROR - 2016-07-12 18:34:37 --> Severity: Notice --> Use of undefined constant COMMON_APP_PATH - assumed 'COMMON_APP_PATH' /Users/michael/Documents/workspace/mto_crm/application/models/Manage_model.php 2
ERROR - 2016-07-12 18:34:37 --> Severity: Warning --> require_once(COMMON_APP_PATH/models/YZ_Model.php): failed to open stream: No such file or directory /Users/michael/Documents/workspace/mto_crm/application/models/Manage_model.php 2
ERROR - 2016-07-12 18:34:37 --> Severity: Compile Error --> require_once(): Failed opening required 'COMMON_APP_PATH/models/YZ_Model.php' (include_path='.:') /Users/michael/Documents/workspace/mto_crm/application/models/Manage_model.php 2
ERROR - 2016-07-12 18:34:39 --> Severity: error --> Exception: Call to undefined method Home::getVars() /Users/michael/Documents/workspace/mto_crm/application/controllers/Home.php 31
ERROR - 2016-07-12 18:35:07 --> Severity: error --> Exception: Call to undefined method Home::getVars() /Users/michael/Documents/workspace/mto_crm/application/controllers/Home.php 31
ERROR - 2016-07-12 18:35:08 --> Severity: error --> Exception: Call to undefined method Home::getVars() /Users/michael/Documents/workspace/mto_crm/application/controllers/Home.php 31
ERROR - 2016-07-12 18:38:26 --> Severity: Warning --> mysqli::real_connect(): (HY000/1045): Access denied for user 'root'@'localhost' (using password: YES) /Users/michael/Documents/workspace/mto_crm/system/database/drivers/mysqli/mysqli_driver.php 202
ERROR - 2016-07-12 18:38:26 --> Severity: error --> Exception: Unable to connect to the database. /Users/michael/Documents/workspace/mto_crm/system/database/DB_driver.php 433
ERROR - 2016-07-12 18:38:48 --> Severity: Warning --> mysqli::real_connect(): (HY000/1045): Access denied for user 'root'@'localhost' (using password: YES) /Users/michael/Documents/workspace/mto_crm/system/database/drivers/mysqli/mysqli_driver.php 202
ERROR - 2016-07-12 18:38:48 --> Severity: error --> Exception: Unable to connect to the database. /Users/michael/Documents/workspace/mto_crm/system/database/DB_driver.php 433
ERROR - 2016-07-12 18:39:13 --> Severity: Warning --> mysqli::real_connect(): (HY000/1049): Unknown database 'youzi_db' /Users/michael/Documents/workspace/mto_crm/system/database/drivers/mysqli/mysqli_driver.php 202
ERROR - 2016-07-12 18:39:13 --> Severity: error --> Exception: Unable to connect to the database. /Users/michael/Documents/workspace/mto_crm/system/database/DB_driver.php 433
ERROR - 2016-07-12 18:39:34 --> Severity: error --> Exception: Call to undefined function alert() /Users/michael/Documents/workspace/mto_crm/application/controllers/Home.php 71
ERROR - 2016-07-12 18:41:44 --> Severity: error --> Exception: Class 'ManagerUserStatusEnum' not found /Users/michael/Documents/workspace/mto_crm/application/controllers/Home.php 44
DEBUG - 2016-07-12 18:45:57 --> No URI present. Default controller set.
ERROR - 2016-07-12 18:46:06 --> Query error: Table 'mto_crm.manager_user_logs' doesn't exist - Invalid query: INSERT INTO `manager_user_logs` (`manager_user_id`, `manager_user_name`, `type`, `create_time`, `detail`) VALUES ('1', 'michael', 1, '2016-07-12 18:46:06', '')
ERROR - 2016-07-12 18:46:35 --> Severity: Notice --> Use of undefined constant COMMON_APP_PATH - assumed 'COMMON_APP_PATH' /Users/michael/Documents/workspace/mto_crm/application/controllers/Manage.php 3
ERROR - 2016-07-12 18:46:35 --> Severity: Warning --> require_once(COMMON_APP_PATHmodels/vo/ManageUserVo.php): failed to open stream: No such file or directory /Users/michael/Documents/workspace/mto_crm/application/controllers/Manage.php 3
ERROR - 2016-07-12 18:46:35 --> Severity: Compile Error --> require_once(): Failed opening required 'COMMON_APP_PATHmodels/vo/ManageUserVo.php' (include_path='.:') /Users/michael/Documents/workspace/mto_crm/application/controllers/Manage.php 3
ERROR - 2016-07-12 18:46:58 --> Severity: error --> Exception: Unable to locate the model you have specified: Categorycolumn_model /Users/michael/Documents/workspace/mto_crm/system/core/Loader.php 344
ERROR - 2016-07-12 18:47:33 --> Severity: Notice --> Use of undefined constant COMMON_APP_PATH - assumed 'COMMON_APP_PATH' /Users/michael/Documents/workspace/mto_crm/application/models/Categorycolumn_model.php 2
ERROR - 2016-07-12 18:47:33 --> Severity: Warning --> require_once(COMMON_APP_PATH/models/YZ_Model.php): failed to open stream: No such file or directory /Users/michael/Documents/workspace/mto_crm/application/models/Categorycolumn_model.php 2
ERROR - 2016-07-12 18:47:33 --> Severity: Compile Error --> require_once(): Failed opening required 'COMMON_APP_PATH/models/YZ_Model.php' (include_path='.:') /Users/michael/Documents/workspace/mto_crm/application/models/Categorycolumn_model.php 2
ERROR - 2016-07-12 18:47:46 --> Severity: Notice --> Undefined index: name /Users/michael/Documents/workspace/mto_crm/application/views/common/header.php 89
ERROR - 2016-07-12 18:50:06 --> Severity: Notice --> Undefined index: name /Users/michael/Documents/workspace/mto_crm/application/views/common/header.php 89
ERROR - 2016-07-12 18:51:05 --> Severity: Notice --> Use of undefined constant COMMON_APP_PATH - assumed 'COMMON_APP_PATH' /Users/michael/Documents/workspace/mto_crm/application/controllers/Manageuser.php 3
ERROR - 2016-07-12 18:51:05 --> Severity: Warning --> require_once(COMMON_APP_PATHmodels/vo/ManageUserVo.php): failed to open stream: No such file or directory /Users/michael/Documents/workspace/mto_crm/application/controllers/Manageuser.php 3
ERROR - 2016-07-12 18:51:05 --> Severity: Compile Error --> require_once(): Failed opening required 'COMMON_APP_PATHmodels/vo/ManageUserVo.php' (include_path='.:') /Users/michael/Documents/workspace/mto_crm/application/controllers/Manageuser.php 3
